<?xml version="1.0" encoding="UTF-8"?>
<testng-results skipped="0" failed="0" ignored="0" total="1" passed="1">
  <reporter-output>
  </reporter-output>
  <suite name="Default suite" duration-ms="27053" started-at="2017-11-13T05:59:40Z" finished-at="2017-11-13T06:00:07Z">
    <groups>
    </groups>
    <test name="Default test" duration-ms="27053" started-at="2017-11-13T05:59:40Z" finished-at="2017-11-13T06:00:07Z">
      <class name="com.uiAutomation.Flipkart.homepage.TestCase_Login">
        <test-method status="PASS" signature="setUp()[pri:0, instance:com.uiAutomation.Flipkart.homepage.TestCase_Login@5e5792a0]" name="setUp" is-config="true" duration-ms="19325" started-at="2017-11-12T23:59:40Z" finished-at="2017-11-12T23:59:59Z">
          <reporter-output>
          </reporter-output>
        </test-method> <!-- setUp -->
        <test-method status="PASS" signature="login(java.lang.String, java.lang.String)[pri:0, instance:com.uiAutomation.Flipkart.homepage.TestCase_Login@5e5792a0]" name="login" duration-ms="2396" started-at="2017-11-13T00:00:05Z" data-provider="reading from Excel." finished-at="2017-11-13T00:00:07Z">
          <params>
            <param index="0">
              <value>
                <![CDATA[Kanika_goyal490@yahoo.com]]>
              </value>
            </param>
            <param index="1">
              <value>
                <![CDATA[Kanika@123]]>
              </value>
            </param>
          </params>
          <reporter-output>
          </reporter-output>
        </test-method> <!-- login -->
        <test-method status="PASS" signature="endTest()[pri:0, instance:com.uiAutomation.Flipkart.homepage.TestCase_Login@5e5792a0]" name="endTest" is-config="true" duration-ms="1" started-at="2017-11-13T00:00:07Z" finished-at="2017-11-13T00:00:07Z">
          <reporter-output>
          </reporter-output>
        </test-method> <!-- endTest -->
      </class> <!-- com.uiAutomation.Flipkart.homepage.TestCase_Login -->
    </test> <!-- Default test -->
  </suite> <!-- Default suite -->
</testng-results>
