<?xml version="1.0" encoding="UTF-8"?>
<testng-results skipped="0" failed="0" ignored="0" total="1" passed="1">
  <reporter-output>
  </reporter-output>
  <suite name="Default suite" duration-ms="22022" started-at="2017-11-07T13:44:21Z" finished-at="2017-11-07T13:44:43Z">
    <groups>
    </groups>
    <test name="Default test" duration-ms="22022" started-at="2017-11-07T13:44:21Z" finished-at="2017-11-07T13:44:43Z">
      <class name="com.uiAutomation.Flipkart.homepage.TestCase_Login">
        <test-method status="PASS" signature="setUp()[pri:0, instance:com.uiAutomation.Flipkart.homepage.TestCase_Login@29774679]" name="setUp" is-config="true" duration-ms="16330" started-at="2017-11-07T07:44:21Z" finished-at="2017-11-07T07:44:37Z">
          <reporter-output>
          </reporter-output>
        </test-method> <!-- setUp -->
        <test-method status="PASS" signature="login()[pri:0, instance:com.uiAutomation.Flipkart.homepage.TestCase_Login@29774679]" name="login" duration-ms="3974" started-at="2017-11-07T07:44:37Z" finished-at="2017-11-07T07:44:41Z">
          <reporter-output>
          </reporter-output>
        </test-method> <!-- login -->
        <test-method status="PASS" signature="endTest()[pri:0, instance:com.uiAutomation.Flipkart.homepage.TestCase_Login@29774679]" name="endTest" is-config="true" duration-ms="1675" started-at="2017-11-07T07:44:41Z" finished-at="2017-11-07T07:44:43Z">
          <reporter-output>
          </reporter-output>
        </test-method> <!-- endTest -->
      </class> <!-- com.uiAutomation.Flipkart.homepage.TestCase_Login -->
    </test> <!-- Default test -->
  </suite> <!-- Default suite -->
</testng-results>
