<?xml version="1.0" encoding="UTF-8"?>
<testng-results skipped="0" failed="0" ignored="0" total="1" passed="1">
  <reporter-output>
  </reporter-output>
  <suite name="Default suite" duration-ms="16969" started-at="2018-06-12T13:14:37Z" finished-at="2018-06-12T13:14:54Z">
    <groups>
    </groups>
    <test name="Default test" duration-ms="16969" started-at="2018-06-12T13:14:37Z" finished-at="2018-06-12T13:14:54Z">
      <class name="homePage.NaukriLogin">
        <test-method status="PASS" signature="setUp()[pri:0, instance:homePage.NaukriLogin@4b9e13df]" name="setUp" is-config="true" duration-ms="12765" started-at="2018-06-12T08:14:37Z" finished-at="2018-06-12T08:14:50Z">
          <reporter-output>
          </reporter-output>
        </test-method> <!-- setUp -->
        <test-method status="PASS" signature="validNaukriLogin()[pri:0, instance:homePage.NaukriLogin@4b9e13df]" name="validNaukriLogin" duration-ms="2443" started-at="2018-06-12T08:14:50Z" finished-at="2018-06-12T08:14:53Z">
          <reporter-output>
          </reporter-output>
        </test-method> <!-- validNaukriLogin -->
        <test-method status="PASS" signature="teatDown()[pri:0, instance:homePage.NaukriLogin@4b9e13df]" name="teatDown" is-config="true" duration-ms="1716" started-at="2018-06-12T08:14:53Z" finished-at="2018-06-12T08:14:54Z">
          <reporter-output>
          </reporter-output>
        </test-method> <!-- teatDown -->
      </class> <!-- homePage.NaukriLogin -->
    </test> <!-- Default test -->
  </suite> <!-- Default suite -->
</testng-results>
